[{"line":20,"elements":[{"start_timestamp":"2024-06-11T10:08:05.403Z","line":21,"name":"Verify the title of the home page","description":"","id":"home-page;verify-the-title-of-the-home-page","type":"scenario","keyword":"Scenario","steps":[{"result":{"duration":7509718500,"status":"passed"},"line":22,"name":"I open the browser","match":{"location":"stepdefinitions.HomePageSteps.i_open_the_browser()"},"keyword":"Given "},{"result":{"duration":6986584900,"status":"passed"},"line":23,"name":"I navigate to the homepage","match":{"location":"stepdefinitions.HomePageSteps.i_navigate_to_the_homepage()"},"keyword":"When "},{"result":{"duration":4067279400,"status":"passed"},"line":24,"name":"I should see the title \"\"","match":{"arguments":[{"val":"\"\"","offset":23}],"location":"stepdefinitions.HomePageSteps.i_should_see_the_title(java.lang.String)"},"keyword":"Then "}]}],"name":"Home Page","description":"","id":"home-page","keyword":"Feature","uri":"file:src/test/resources/features/homePage.feature","tags":[]},{"line":19,"elements":[{"start_timestamp":"2024-06-11T10:08:24.224Z","line":21,"name":"Verify the title of the home page","description":"","id":"logo-image-test;verify-the-title-of-the-home-page","type":"scenario","keyword":"Scenario","steps":[{"result":{"duration":3486092800,"status":"passed"},"line":22,"name":"I open the browser2","match":{"location":"stepdefinitions.LogoSteps.i_open_the_browser1()"},"keyword":"Given "},{"result":{"duration":2883428100,"status":"passed"},"line":23,"name":"I navigate to the homepage2","match":{"location":"stepdefinitions.LogoSteps.i_navigate_to_the_homepage1()"},"keyword":"When "}]},{"start_timestamp":"2024-06-11T10:08:30.802Z","line":25,"name":"Verify Logo Image is Displayed","description":"","id":"logo-image-test;verify-logo-image-is-displayed","type":"scenario","keyword":"Scenario","steps":[{"result":{"duration":761850600,"status":"passed"},"line":26,"name":"User navigates to the homepage","match":{"location":"stepdefinitions.LogoSteps.user_navigates_to_the_homepage()"},"keyword":"Given "},{"result":{"error_message":"org.openqa.selenium.NoSuchElementException: no such element: Unable to locate element: {\"method\":\"xpath\",\"selector\":\"//*[@id=\"headlessui-popover-button-:r0:\"]/img\"}\n  (Session info: chrome=125.0.6422.142)\nFor documentation on this error, please visit: https://www.selenium.dev/documentation/webdriver/troubleshooting/errors#no-such-element-exception\nBuild info: version: '4.21.0', revision: '79ed462ef4'\nSystem info: os.name: 'Windows 11', os.arch: 'amd64', os.version: '10.0', java.version: '17.0.8'\nDriver info: org.openqa.selenium.chrome.ChromeDriver\nCommand: [c566abf77369cab83d3929f24ee2ba22, findElement {value=//*[@id=\"headlessui-popover-button-:r0:\"]/img, using=xpath}]\nCapabilities {acceptInsecureCerts: false, browserName: chrome, browserVersion: 125.0.6422.142, chrome: {chromedriverVersion: 125.0.6422.141 (4b1e8393712..., userDataDir: C:\\Users\\Ajeet\\AppData\\Loca...}, fedcm:accounts: true, goog:chromeOptions: {debuggerAddress: localhost:59751}, networkConnectionEnabled: false, pageLoadStrategy: normal, platformName: windows, proxy: Proxy(), se:cdp: ws://localhost:59751/devtoo..., se:cdpVersion: 125.0.6422.142, setWindowRect: true, strictFileInteractability: false, timeouts: {implicit: 0, pageLoad: 300000, script: 30000}, unhandledPromptBehavior: dismiss and notify, webauthn:extension:credBlob: true, webauthn:extension:largeBlob: true, webauthn:extension:minPinLength: true, webauthn:extension:prf: true, webauthn:virtualAuthenticators: true}\nSession ID: c566abf77369cab83d3929f24ee2ba22\r\n\tat java.base/jdk.internal.reflect.NativeConstructorAccessorImpl.newInstance0(Native Method)\r\n\tat java.base/jdk.internal.reflect.NativeConstructorAccessorImpl.newInstance(NativeConstructorAccessorImpl.java:77)\r\n\tat java.base/jdk.internal.reflect.DelegatingConstructorAccessorImpl.newInstance(DelegatingConstructorAccessorImpl.java:45)\r\n\tat java.base/java.lang.reflect.Constructor.newInstanceWithCaller(Constructor.java:499)\r\n\tat java.base/java.lang.reflect.Constructor.newInstance(Constructor.java:480)\r\n\tat org.openqa.selenium.remote.ErrorCodec.decode(ErrorCodec.java:167)\r\n\tat org.openqa.selenium.remote.codec.w3c.W3CHttpResponseCodec.decode(W3CHttpResponseCodec.java:138)\r\n\tat org.openqa.selenium.remote.codec.w3c.W3CHttpResponseCodec.decode(W3CHttpResponseCodec.java:50)\r\n\tat org.openqa.selenium.remote.HttpCommandExecutor.execute(HttpCommandExecutor.java:190)\r\n\tat org.openqa.selenium.remote.service.DriverCommandExecutor.invokeExecute(DriverCommandExecutor.java:216)\r\n\tat org.openqa.selenium.remote.service.DriverCommandExecutor.execute(DriverCommandExecutor.java:174)\r\n\tat org.openqa.selenium.remote.RemoteWebDriver.execute(RemoteWebDriver.java:518)\r\n\tat org.openqa.selenium.remote.ElementLocation$ElementFinder$2.findElement(ElementLocation.java:165)\r\n\tat org.openqa.selenium.remote.ElementLocation.findElement(ElementLocation.java:59)\r\n\tat org.openqa.selenium.remote.RemoteWebDriver.findElement(RemoteWebDriver.java:355)\r\n\tat org.openqa.selenium.remote.RemoteWebDriver.findElement(RemoteWebDriver.java:349)\r\n\tat stepdefinitions.LogoSteps.logo_image_is_displayed(LogoSteps.java:37)\r\n\tat ✽.Logo image is displayed(file:///C:/Users/Ajeet/eclipse-workspace/ShopkeyWeb-Cucumber/src/test/resources/features/logoImage.feature:27)\r\n","duration":2305703500,"status":"failed"},"line":27,"name":"Logo image is displayed","match":{"location":"stepdefinitions.LogoSteps.logo_image_is_displayed()"},"keyword":"Then "}]},{"start_timestamp":"2024-06-11T10:08:34.005Z","line":29,"name":"Verify Logo Image has Correct Alt Text","description":"","id":"logo-image-test;verify-logo-image-has-correct-alt-text","type":"scenario","keyword":"Scenario","steps":[{"result":{"duration":1063581100,"status":"passed"},"line":30,"name":"User navigates to the homepage","match":{"location":"stepdefinitions.LogoSteps.user_navigates_to_the_homepage()"},"keyword":"Given "},{"result":{"error_message":"org.openqa.selenium.NoSuchElementException: no such element: Unable to locate element: {\"method\":\"xpath\",\"selector\":\"//*[@id=\"headlessui-popover-button-:r0:\"]/img\"}\n  (Session info: chrome=125.0.6422.142)\nFor documentation on this error, please visit: https://www.selenium.dev/documentation/webdriver/troubleshooting/errors#no-such-element-exception\nBuild info: version: '4.21.0', revision: '79ed462ef4'\nSystem info: os.name: 'Windows 11', os.arch: 'amd64', os.version: '10.0', java.version: '17.0.8'\nDriver info: org.openqa.selenium.chrome.ChromeDriver\nCommand: [c566abf77369cab83d3929f24ee2ba22, findElement {value=//*[@id=\"headlessui-popover-button-:r0:\"]/img, using=xpath}]\nCapabilities {acceptInsecureCerts: false, browserName: chrome, browserVersion: 125.0.6422.142, chrome: {chromedriverVersion: 125.0.6422.141 (4b1e8393712..., userDataDir: C:\\Users\\Ajeet\\AppData\\Loca...}, fedcm:accounts: true, goog:chromeOptions: {debuggerAddress: localhost:59751}, networkConnectionEnabled: false, pageLoadStrategy: normal, platformName: windows, proxy: Proxy(), se:cdp: ws://localhost:59751/devtoo..., se:cdpVersion: 125.0.6422.142, setWindowRect: true, strictFileInteractability: false, timeouts: {implicit: 0, pageLoad: 300000, script: 30000}, unhandledPromptBehavior: dismiss and notify, webauthn:extension:credBlob: true, webauthn:extension:largeBlob: true, webauthn:extension:minPinLength: true, webauthn:extension:prf: true, webauthn:virtualAuthenticators: true}\nSession ID: c566abf77369cab83d3929f24ee2ba22\r\n\tat java.base/jdk.internal.reflect.NativeConstructorAccessorImpl.newInstance0(Native Method)\r\n\tat java.base/jdk.internal.reflect.NativeConstructorAccessorImpl.newInstance(NativeConstructorAccessorImpl.java:77)\r\n\tat java.base/jdk.internal.reflect.DelegatingConstructorAccessorImpl.newInstance(DelegatingConstructorAccessorImpl.java:45)\r\n\tat java.base/java.lang.reflect.Constructor.newInstanceWithCaller(Constructor.java:499)\r\n\tat java.base/java.lang.reflect.Constructor.newInstance(Constructor.java:480)\r\n\tat org.openqa.selenium.remote.ErrorCodec.decode(ErrorCodec.java:167)\r\n\tat org.openqa.selenium.remote.codec.w3c.W3CHttpResponseCodec.decode(W3CHttpResponseCodec.java:138)\r\n\tat org.openqa.selenium.remote.codec.w3c.W3CHttpResponseCodec.decode(W3CHttpResponseCodec.java:50)\r\n\tat org.openqa.selenium.remote.HttpCommandExecutor.execute(HttpCommandExecutor.java:190)\r\n\tat org.openqa.selenium.remote.service.DriverCommandExecutor.invokeExecute(DriverCommandExecutor.java:216)\r\n\tat org.openqa.selenium.remote.service.DriverCommandExecutor.execute(DriverCommandExecutor.java:174)\r\n\tat org.openqa.selenium.remote.RemoteWebDriver.execute(RemoteWebDriver.java:518)\r\n\tat org.openqa.selenium.remote.ElementLocation$ElementFinder$2.findElement(ElementLocation.java:165)\r\n\tat org.openqa.selenium.remote.ElementLocation.findElement(ElementLocation.java:59)\r\n\tat org.openqa.selenium.remote.RemoteWebDriver.findElement(RemoteWebDriver.java:355)\r\n\tat org.openqa.selenium.remote.RemoteWebDriver.findElement(RemoteWebDriver.java:349)\r\n\tat stepdefinitions.LogoSteps.logo_image_has_correct_alt_text(LogoSteps.java:44)\r\n\tat ✽.Logo image has correct alt text(file:///C:/Users/Ajeet/eclipse-workspace/ShopkeyWeb-Cucumber/src/test/resources/features/logoImage.feature:31)\r\n","duration":213362200,"status":"failed"},"line":31,"name":"Logo image has correct alt text","match":{"location":"stepdefinitions.LogoSteps.logo_image_has_correct_alt_text()"},"keyword":"Then "}]},{"start_timestamp":"2024-06-11T10:08:35.321Z","line":33,"name":"Verify Logo Image Links to Homepage","description":"","id":"logo-image-test;verify-logo-image-links-to-homepage","type":"scenario","keyword":"Scenario","steps":[{"result":{"duration":2301164600,"status":"passed"},"line":34,"name":"User navigates to the homepage","match":{"location":"stepdefinitions.LogoSteps.user_navigates_to_the_homepage()"},"keyword":"Given "},{"result":{"duration":2737273200,"status":"passed"},"line":35,"name":"User clicks on the logo image","match":{"location":"stepdefinitions.LogoSteps.user_clicks_on_the_logo_image()"},"keyword":"When "},{"result":{"error_message":"java.lang.AssertionError: User is not redirected to the homepage\r\n\tat org.junit.Assert.fail(Assert.java:89)\r\n\tat org.junit.Assert.assertTrue(Assert.java:42)\r\n\tat stepdefinitions.LogoSteps.user_should_be_redirected_to_the_homepage(LogoSteps.java:57)\r\n\tat ✽.User should be redirected to the homepage(file:///C:/Users/Ajeet/eclipse-workspace/ShopkeyWeb-Cucumber/src/test/resources/features/logoImage.feature:36)\r\n","duration":1105435400,"status":"failed"},"line":36,"name":"User should be redirected to the homepage","match":{"location":"stepdefinitions.LogoSteps.user_should_be_redirected_to_the_homepage()"},"keyword":"Then "}]}],"name":"Logo Image Test","description":"","id":"logo-image-test","keyword":"Feature","uri":"file:src/test/resources/features/logoImage.feature","tags":[]},{"line":20,"elements":[{"start_timestamp":"2024-06-11T10:08:41.508Z","line":21,"name":"Verify product search functionality","description":"","id":"product-search;verify-product-search-functionality","type":"scenario","keyword":"Scenario","steps":[{"result":{"duration":4438116300,"status":"passed"},"line":22,"name":"I open the browser1","match":{"location":"stepdefinitions.ProductSearchSteps.i_open_the_browser1()"},"keyword":"Given "},{"result":{"duration":1944127100,"status":"passed"},"line":23,"name":"I navigate to the homepage1","match":{"location":"stepdefinitions.ProductSearchSteps.i_navigate_to_the_homepage1()"},"keyword":"When "},{"result":{"error_message":"org.openqa.selenium.NoSuchElementException: no such element: Unable to locate element: {\"method\":\"xpath\",\"selector\":\"//*[@id=\"__next\"]/div[2]/div[1]/div/div/div[1]/input\"}\n  (Session info: chrome=125.0.6422.142)\nFor documentation on this error, please visit: https://www.selenium.dev/documentation/webdriver/troubleshooting/errors#no-such-element-exception\nBuild info: version: '4.21.0', revision: '79ed462ef4'\nSystem info: os.name: 'Windows 11', os.arch: 'amd64', os.version: '10.0', java.version: '17.0.8'\nDriver info: org.openqa.selenium.chrome.ChromeDriver\nCommand: [d9032c1b6c4205e909c484b648ec7f4f, findElement {value=//*[@id=\"__next\"]/div[2]/div[1]/div/div/div[1]/input, using=xpath}]\nCapabilities {acceptInsecureCerts: false, browserName: chrome, browserVersion: 125.0.6422.142, chrome: {chromedriverVersion: 125.0.6422.141 (4b1e8393712..., userDataDir: C:\\Users\\Ajeet\\AppData\\Loca...}, fedcm:accounts: true, goog:chromeOptions: {debuggerAddress: localhost:59846}, networkConnectionEnabled: false, pageLoadStrategy: normal, platformName: windows, proxy: Proxy(), se:cdp: ws://localhost:59846/devtoo..., se:cdpVersion: 125.0.6422.142, setWindowRect: true, strictFileInteractability: false, timeouts: {implicit: 0, pageLoad: 300000, script: 30000}, unhandledPromptBehavior: dismiss and notify, webauthn:extension:credBlob: true, webauthn:extension:largeBlob: true, webauthn:extension:minPinLength: true, webauthn:extension:prf: true, webauthn:virtualAuthenticators: true}\nSession ID: d9032c1b6c4205e909c484b648ec7f4f\r\n\tat java.base/jdk.internal.reflect.NativeConstructorAccessorImpl.newInstance0(Native Method)\r\n\tat java.base/jdk.internal.reflect.NativeConstructorAccessorImpl.newInstance(NativeConstructorAccessorImpl.java:77)\r\n\tat java.base/jdk.internal.reflect.DelegatingConstructorAccessorImpl.newInstance(DelegatingConstructorAccessorImpl.java:45)\r\n\tat java.base/java.lang.reflect.Constructor.newInstanceWithCaller(Constructor.java:499)\r\n\tat java.base/java.lang.reflect.Constructor.newInstance(Constructor.java:480)\r\n\tat org.openqa.selenium.remote.ErrorCodec.decode(ErrorCodec.java:167)\r\n\tat org.openqa.selenium.remote.codec.w3c.W3CHttpResponseCodec.decode(W3CHttpResponseCodec.java:138)\r\n\tat org.openqa.selenium.remote.codec.w3c.W3CHttpResponseCodec.decode(W3CHttpResponseCodec.java:50)\r\n\tat org.openqa.selenium.remote.HttpCommandExecutor.execute(HttpCommandExecutor.java:190)\r\n\tat org.openqa.selenium.remote.service.DriverCommandExecutor.invokeExecute(DriverCommandExecutor.java:216)\r\n\tat org.openqa.selenium.remote.service.DriverCommandExecutor.execute(DriverCommandExecutor.java:174)\r\n\tat org.openqa.selenium.remote.RemoteWebDriver.execute(RemoteWebDriver.java:518)\r\n\tat org.openqa.selenium.remote.ElementLocation$ElementFinder$2.findElement(ElementLocation.java:165)\r\n\tat org.openqa.selenium.remote.ElementLocation.findElement(ElementLocation.java:59)\r\n\tat org.openqa.selenium.remote.RemoteWebDriver.findElement(RemoteWebDriver.java:355)\r\n\tat org.openqa.selenium.remote.RemoteWebDriver.findElement(RemoteWebDriver.java:349)\r\n\tat stepdefinitions.ProductSearchSteps.i_search_for_a_product(ProductSearchSteps.java:28)\r\n\tat ✽.I search for a product \"Laptop\"(file:///C:/Users/Ajeet/eclipse-workspace/ShopkeyWeb-Cucumber/src/test/resources/features/productSearch.feature:24)\r\n","duration":48549600,"status":"failed"},"line":24,"name":"I search for a product \"Laptop\"","match":{"arguments":[{"val":"\"Laptop\"","offset":23}],"location":"stepdefinitions.ProductSearchSteps.i_search_for_a_product(java.lang.String)"},"keyword":"And "},{"result":{"duration":1001000,"status":"skipped"},"line":25,"name":"I should see search results containing \"Laptop\"","match":{"arguments":[{"val":"\"Laptop\"","offset":39}],"location":"stepdefinitions.ProductSearchSteps.i_should_see_search_results_containing(java.lang.String)"},"keyword":"Then "}]}],"name":"Product Search","description":"","id":"product-search","keyword":"Feature","uri":"file:src/test/resources/features/productSearch.feature","tags":[]}]